<server>
    <ldap>
        <mapped-roles>
            <role-to-ad-group role-name="imGrpLocSec" group-dn="CN=imGrpLocalSec,CN=Users,DC=d01,DC=imcode,DC=com"/>
            <role-to-ad-group role-name="imGrpGloSec" group-dn="CN=imGrpGlobalSec,CN=Users,DC=d01,DC=imcode,DC=com"/>
            <role-to-ad-group role-name="imGrpUniSec" group-dn="CN=imGrpUniversalSec,CN=Users,DC=d01,DC=imcode,DC=com"/>
            <role-to-ad-group role-name="imGrpLocDist" group-dn="CN=imGrpLocalDistribution,CN=Users,DC=d01,DC=imcode,DC=com"/>
            <role-to-ad-group role-name="imGrpGloDist" group-dn="CN=imGrpGlobalDistribution,CN=Users,DC=d01,DC=imcode,DC=com"/>
            <role-to-ad-group role-name="imGrpUniDist" group-dn="CN=imGrpUniversalDistribution,CN=Users,DC=d01,DC=imcode,DC=com"/>

            <role-to-attribute role-name="LDAP-EMERGENCY" attribute-name="phone" attribute-value="112"/>
            <role-to-attribute role-name="LDAP-MANAGER" attribute-name="title" attribute-value="manager"/>
        </mapped-roles>
    </ldap>
</server>